<?xml version="1.0" encoding="UTF-8"?>
<!-- Generated by org.testng.reporters.JUnitReportReporter -->
<testsuite hostname="Dhanya" failures="0" tests="1" name="Loginclass" time="17.002" errors="0" timestamp="2024-03-23T22:14:00 IST" skipped="0">
  <testcase classname="Loginclass" name="login" time="17.002"/>
  <system-out/>
</testsuite> <!-- Loginclass -->
